2025-04-18 19:02:22,846 - INFO - Inspecting TTS modules for training-related classes and methods...
2025-04-18 19:02:37,722 - WARNING - Failed to import TTS.bin.compute_attention_masks: No module named 'TTS.tts.datasets.TTSDataset'
2025-04-18 19:02:45,115 - WARNING - Failed to import TTS.bin.compute_attention_masks: No module named 'TTS.tts.datasets.TTSDataset'
2025-04-18 19:02:45,325 - WARNING - Failed to import TTS.server.server:  [!] Model file not found in the output path
2025-04-18 19:02:45,335 - WARNING - Failed to import TTS.server.server:  [!] Model file not found in the output path
2025-04-18 19:02:52,267 - INFO - 
Inspecting module: TTS.api
2025-04-18 19:02:52,267 - INFO -   Class: ModelManager
2025-04-18 19:02:52,268 - INFO -     Method: download_model(self, model_name)
2025-04-18 19:02:52,268 - INFO -   Class: Synthesizer
2025-04-18 19:02:52,268 - INFO -     Method: save_wav(self, wav: List[int], path: str, pipe_out=None) -> None
2025-04-18 19:02:52,269 - INFO -     Method: train(self: ~T, mode: bool = True) -> ~T
2025-04-18 19:02:52,269 - INFO -     Method: tts(self, text: str = '', speaker_name: str = '', language_name: str = '', speaker_wav=None, style_wav=None, style_text=None, reference_wav=None, reference_speaker_name=None, split_sentences: bool = True, **kwargs) -> List[int]
2025-04-18 19:02:52,269 - INFO -   Class: TTS
2025-04-18 19:02:52,269 - INFO -     Method: train(self: ~T, mode: bool = True) -> ~T
2025-04-18 19:02:52,269 - INFO -     Method: tts(self, text: str, speaker: str = None, language: str = None, speaker_wav: str = None, emotion: str = None, speed: float = None, split_sentences: bool = True, **kwargs)
2025-04-18 19:02:52,269 - INFO -   Function: load_config(config_path: str) -> coqpit.coqpit.Coqpit
2025-04-18 19:02:52,269 - INFO -   Function: save_wav(*, wav: numpy.ndarray, path: str, sample_rate: int = None, pipe_out=None, **kwargs) -> None
2025-04-18 19:02:52,269 - INFO - 
Inspecting module: TTS.bin.train_tts
2025-04-18 19:02:52,271 - INFO -   Class: TrainTTSArgs
2025-04-18 19:02:52,271 - INFO -   Class: Trainer
2025-04-18 19:02:52,271 - INFO -     Method: fit(self) -> None
2025-04-18 19:02:52,271 - INFO -   Class: TrainerArgs
2025-04-18 19:02:52,272 - INFO -   Function: load_config(config_path: str) -> coqpit.coqpit.Coqpit
2025-04-18 19:02:52,272 - INFO -   Function: load_tts_samples(datasets: Union[List[Dict], Dict], eval_split=True, formatter: Callable = None, eval_split_max_size=None, eval_split_size=0.01) -> Tuple[List[List], List[List]]
2025-04-18 19:02:52,272 - INFO -   Function: setup_model(config: 'Coqpit', samples: Union[List[List], List[Dict]] = None) -> 'BaseTTS'
2025-04-18 19:02:52,272 - INFO - 
Inspecting module: TTS.bin.train_tts
2025-04-18 19:02:52,272 - INFO -   Class: TrainTTSArgs
2025-04-18 19:02:52,272 - INFO -   Class: Trainer
2025-04-18 19:02:52,273 - INFO -     Method: fit(self) -> None
2025-04-18 19:02:52,273 - INFO -   Class: TrainerArgs
2025-04-18 19:02:52,273 - INFO -   Function: load_config(config_path: str) -> coqpit.coqpit.Coqpit
2025-04-18 19:02:52,273 - INFO -   Function: load_tts_samples(datasets: Union[List[Dict], Dict], eval_split=True, formatter: Callable = None, eval_split_max_size=None, eval_split_size=0.01) -> Tuple[List[List], List[List]]
2025-04-18 19:02:52,273 - INFO -   Function: setup_model(config: 'Coqpit', samples: Union[List[List], List[Dict]] = None) -> 'BaseTTS'
2025-04-18 19:02:52,274 - INFO - 
Inspecting module: TTS.tts.utils.managers
2025-04-18 19:02:52,274 - INFO -   Function: load_config(config_path: str) -> coqpit.coqpit.Coqpit
2025-04-18 19:02:52,274 - INFO -   No target classes found.
2025-04-18 19:02:52,274 - INFO - 
Inspecting module: TTS.tts.utils.managers
2025-04-18 19:02:52,274 - INFO -   Function: load_config(config_path: str) -> coqpit.coqpit.Coqpit
2025-04-18 19:02:52,275 - INFO -   No target classes found.
2025-04-18 19:02:52,275 - INFO - 
Inspecting module: TTS.tts.utils.managers
2025-04-18 19:02:52,275 - INFO -   Function: load_config(config_path: str) -> coqpit.coqpit.Coqpit
2025-04-18 19:02:52,275 - INFO -   No target classes found.
2025-04-18 19:02:52,276 - INFO - 
Inspecting module: TTS.tts.utils.managers
2025-04-18 19:02:52,276 - INFO -   Function: load_config(config_path: str) -> coqpit.coqpit.Coqpit
2025-04-18 19:02:52,276 - INFO -   No target classes found.
2025-04-18 19:02:52,276 - INFO - 
Inspecting module: TTS.utils.manage
2025-04-18 19:02:52,276 - INFO -   Class: ModelManager
2025-04-18 19:02:52,277 - INFO -     Method: download_model(self, model_name)
2025-04-18 19:02:52,277 - INFO -   Function: load_config(config_path: str) -> coqpit.coqpit.Coqpit
2025-04-18 19:02:52,277 - INFO - 
Inspecting module: TTS.utils.synthesizer
2025-04-18 19:02:52,277 - INFO -   Class: Synthesizer
2025-04-18 19:02:52,277 - INFO -     Method: save_wav(self, wav: List[int], path: str, pipe_out=None) -> None
2025-04-18 19:02:52,278 - INFO -     Method: train(self: ~T, mode: bool = True) -> ~T
2025-04-18 19:02:52,278 - INFO -     Method: tts(self, text: str = '', speaker_name: str = '', language_name: str = '', speaker_wav=None, style_wav=None, style_text=None, reference_wav=None, reference_speaker_name=None, split_sentences: bool = True, **kwargs) -> List[int]
2025-04-18 19:02:52,278 - INFO -   Function: load_config(config_path: str) -> coqpit.coqpit.Coqpit
2025-04-18 19:02:52,278 - INFO -   Function: save_wav(*, wav: numpy.ndarray, path: str, sample_rate: int = None, pipe_out=None, **kwargs) -> None
2025-04-18 19:02:52,278 - INFO - 
Inspecting module: TTS.utils.manage
2025-04-18 19:02:52,279 - INFO -   Class: ModelManager
2025-04-18 19:02:52,279 - INFO -     Method: download_model(self, model_name)
2025-04-18 19:02:52,279 - INFO -   Function: load_config(config_path: str) -> coqpit.coqpit.Coqpit
2025-04-18 19:02:52,279 - INFO - 
Inspecting module: TTS.utils.synthesizer
2025-04-18 19:02:52,280 - INFO -   Class: Synthesizer
2025-04-18 19:02:52,280 - INFO -     Method: save_wav(self, wav: List[int], path: str, pipe_out=None) -> None
2025-04-18 19:02:52,280 - INFO -     Method: train(self: ~T, mode: bool = True) -> ~T
2025-04-18 19:02:52,280 - INFO -     Method: tts(self, text: str = '', speaker_name: str = '', language_name: str = '', speaker_wav=None, style_wav=None, style_text=None, reference_wav=None, reference_speaker_name=None, split_sentences: bool = True, **kwargs) -> List[int]
2025-04-18 19:02:52,280 - INFO -   Function: load_config(config_path: str) -> coqpit.coqpit.Coqpit
2025-04-18 19:02:52,281 - INFO -   Function: save_wav(*, wav: numpy.ndarray, path: str, sample_rate: int = None, pipe_out=None, **kwargs) -> None
2025-04-18 19:02:52,281 - INFO - 
Summary of Training Components:
2025-04-18 19:02:52,281 - INFO - 
Module: TTS.api
2025-04-18 19:02:52,281 - INFO -   Classes:
2025-04-18 19:02:52,281 - INFO -     - ModelManager
2025-04-18 19:02:52,281 - INFO -     - Synthesizer
2025-04-18 19:02:52,281 - INFO -     - TTS
2025-04-18 19:02:52,282 - INFO -   Methods/Functions:
2025-04-18 19:02:52,282 - INFO -     - ModelManager.download_model(self, model_name)
2025-04-18 19:02:52,282 - INFO -     - Synthesizer.save_wav(self, wav: List[int], path: str, pipe_out=None) -> None
2025-04-18 19:02:52,282 - INFO -     - Synthesizer.train(self: ~T, mode: bool = True) -> ~T
2025-04-18 19:02:52,282 - INFO -     - Synthesizer.tts(self, text: str = '', speaker_name: str = '', language_name: str = '', speaker_wav=None, style_wav=None, style_text=None, reference_wav=None, reference_speaker_name=None, split_sentences: bool = True, **kwargs) -> List[int]
2025-04-18 19:02:52,282 - INFO -     - TTS.train(self: ~T, mode: bool = True) -> ~T
2025-04-18 19:02:52,282 - INFO -     - TTS.tts(self, text: str, speaker: str = None, language: str = None, speaker_wav: str = None, emotion: str = None, speed: float = None, split_sentences: bool = True, **kwargs)
2025-04-18 19:02:52,282 - INFO -     - load_config(config_path: str) -> coqpit.coqpit.Coqpit
2025-04-18 19:02:52,283 - INFO -     - save_wav(*, wav: numpy.ndarray, path: str, sample_rate: int = None, pipe_out=None, **kwargs) -> None
2025-04-18 19:02:52,283 - INFO - 
Module: TTS.bin.train_tts
2025-04-18 19:02:52,283 - INFO -   Classes:
2025-04-18 19:02:52,283 - INFO -     - TrainTTSArgs
2025-04-18 19:02:52,283 - INFO -     - Trainer
2025-04-18 19:02:52,284 - INFO -     - TrainerArgs
2025-04-18 19:02:52,284 - INFO -   Methods/Functions:
2025-04-18 19:02:52,284 - INFO -     - Trainer.fit(self) -> None
2025-04-18 19:02:52,284 - INFO -     - load_config(config_path: str) -> coqpit.coqpit.Coqpit
2025-04-18 19:02:52,284 - INFO -     - load_tts_samples(datasets: Union[List[Dict], Dict], eval_split=True, formatter: Callable = None, eval_split_max_size=None, eval_split_size=0.01) -> Tuple[List[List], List[List]]
2025-04-18 19:02:52,285 - INFO -     - setup_model(config: 'Coqpit', samples: Union[List[List], List[Dict]] = None) -> 'BaseTTS'
2025-04-18 19:02:52,285 - INFO - 
Module: TTS.tts.utils.managers
2025-04-18 19:02:52,285 - INFO -   Methods/Functions:
2025-04-18 19:02:52,285 - INFO -     - load_config(config_path: str) -> coqpit.coqpit.Coqpit
2025-04-18 19:02:52,285 - INFO - 
Module: TTS.utils.manage
2025-04-18 19:02:52,285 - INFO -   Classes:
2025-04-18 19:02:52,285 - INFO -     - ModelManager
2025-04-18 19:02:52,285 - INFO -   Methods/Functions:
2025-04-18 19:02:52,285 - INFO -     - ModelManager.download_model(self, model_name)
2025-04-18 19:02:52,285 - INFO -     - load_config(config_path: str) -> coqpit.coqpit.Coqpit
2025-04-18 19:02:52,285 - INFO - 
Module: TTS.utils.synthesizer
2025-04-18 19:02:52,286 - INFO -   Classes:
2025-04-18 19:02:52,286 - INFO -     - Synthesizer
2025-04-18 19:02:52,286 - INFO -   Methods/Functions:
2025-04-18 19:02:52,286 - INFO -     - Synthesizer.save_wav(self, wav: List[int], path: str, pipe_out=None) -> None
2025-04-18 19:02:52,286 - INFO -     - Synthesizer.train(self: ~T, mode: bool = True) -> ~T
2025-04-18 19:02:52,286 - INFO -     - Synthesizer.tts(self, text: str = '', speaker_name: str = '', language_name: str = '', speaker_wav=None, style_wav=None, style_text=None, reference_wav=None, reference_speaker_name=None, split_sentences: bool = True, **kwargs) -> List[int]
2025-04-18 19:02:52,286 - INFO -     - load_config(config_path: str) -> coqpit.coqpit.Coqpit
2025-04-18 19:02:52,286 - INFO -     - save_wav(*, wav: numpy.ndarray, path: str, sample_rate: int = None, pipe_out=None, **kwargs) -> None
